92 [10904] INFO perfrun.launcher <> - Launcher main begin
98 [10904] INFO perfrun.launcher <> - MessageCatalogInit finished
98 [10904] INFO perfrun.launcher <> - Launcher instance created
98 [10904] INFO perfrun.launcher <> - argc = 7; cmdline = C:\Program Files (x86)\Intel\oneAPI\vtune\latest\bin64\amplxe-runss.exe --ui-output-format xml --ui-output-fd 908 --option-file W:\Workspace\Cuik\Cuik\r002ps\config\runsa.options 
109 [10904] INFO perfrun.launcher <> - New signal handler callback was added
154 [10904] INFO perfrun.launcher <> - create msngr2::ICliToolContext
154 [10904] INFO perfrun.launcher <> - create file finder object
154 [10904] INFO perfrun.launcher <> - create a result directory: pattern = W:\Workspace\Cuik\Cuik\r002ps pid = 4294967295
157 [10904] INFO perfrun.launcher <> - create data directory = W:\Workspace\Cuik\Cuik\r002ps\data.0
157 [10904] INFO perfrun.launcher <> - Creating the master collection flag
161 [10904] INFO perfrun.launcher <> - Done creating the master collection flag
161 [6264] INFO perfrun.launcher <> - plugin [remoteplug] was disabled because it doesn't support the given collection type.
161 [6264] INFO perfrun.sdk <> - Allocating TMU :W:\Workspace\Cuik\Cuik\r002ps\data.0\systemcollector-13148-DESKTOP-7JBJLF5.sc
161 [6264] INFO perfrun.launcher <> - plugin [] was disabled because it doesn't support the given collection type.
161 [6264] INFO perfrun.launcher <> - plugin [itt] was disabled because it doesn't support the given collection type.
161 [6264] INFO perfrun.launcher <> - plugin [] was disabled because it doesn't support the given collection type.
161 [6264] INFO perfrun.launcher <> - plugin [gpu] was disabled because it doesn't support the given collection type.
161 [6264] INFO perfrun.launcher <> - plugin [etw.kernel] was disabled because it doesn't support the given collection type.
161 [6264] INFO perfrun.launcher <> - plugin [etw.dx] was disabled because it doesn't support the given collection type.
161 [6264] INFO perfrun.launcher <> - plugin [etw.wsa] was disabled because it doesn't support the given collection type.
161 [6264] INFO perfrun.mrte <> - system-wide mode is 0
162 [6264] INFO perfrun.mrte <> - Getting  mrte profiling environment ...
218 [6264] INFO perfrun.mrte <> - INTEL_MRTE_DATA_DIR=W:\Workspace\Cuik\Cuik\r002ps\data.0
218 [6264] INFO perfrun.mrte <> - INTEL_MRTE_HOST_NAME=DESKTOP-7JBJLF5
218 [6264] INFO perfrun.mrte <> - JAVA_TOOL_OPTIONS=-agentlib:amplxe_samplingmrte_javaprof_1.0
218 [6264] INFO perfrun.mrte <> - PATH=C:\Program Files (x86)\Intel\oneAPI\vtune\latest\bin32\runtime;C:\Program Files (x86)\Intel\oneAPI\vtune\latest\bin64\runtime;C:\Program Files\Eclipse Foundation\jdk-8.0.302.8-hotspot\bin;C:\Program Files\Common Files\Oracle\Java\javapath;C:\Program Files (x86)\Common Files\Oracle\Java\javapath;G:\VulkanSDK\1.2.176.1\Bin;C:\Program Files\git\mingw64\bin;C:\Windows\system32;C:\Windows;C:\Windows\System32\Wbem;C:\Windows\System32\WindowsPowerShell\v1.0\;C:\Windows\System32\OpenSSH\;C:\Program Files (x86)\NVIDIA Corporation\PhysX\Common;C:\WINDOWS\system32;C:\WINDOWS;C:\WINDOWS\System32\Wbem;C:\WINDOWS\System32\WindowsPowerShell\v1.0\;C:\WINDOWS\System32\OpenSSH\;G:\Visual Studio\2019\Community\Common7\IDE;C:\Program Files\Intel\Embree3;C:\Program Files\Git\cmd;C:\Program Files\CMake\bin;C:\Program Files\Git\bin;C:\Program Files (x86)\Windows Kits\10\Lib\10.0.17763.0\um\x64;C:\ProgramData\chocolatey\bin;C:\Program Files\NVIDIA Corporation\NVIDIA NvDLISR;C:\Program Files\Git LFS;W:\emsdk;G:\Java\jdk-14.0.1\bin;W:\LLVM\bin;W:\Visual Studio\2019\Community\VC\Tools\MSVC\14.27.29110\bin\Hostx64\x64;C:\Program Files\mingw-w64\x86_64-8.1.0-win32-seh-rt_v6-rev0\mingw64\x86_64-w64-mingw32\bin\;C:\Program Files\AMD\AMDuProf\bin;C:\Users\Yasser\AppData\Local\Android\Sdk\tools;C:\Users\Yasser\AppData\Local\Android\Sdk\platform-tools;C:\WINDOWS\system32;C:\WINDOWS;C:\WINDOWS\System32\Wbem;C:\WINDOWS\System32\WindowsPowerShell\v1.0\;C:\WINDOWS\System32\OpenSSH\;W:\nodejs\;C:\Users\Yasser\.cargo\bin;W:\Visual Studio\2019\Community\MSBuild\Current\Bin;W:\Visual Studio\2019\Community\VC\Auxiliary\Build;C:\Program Files\KTX-Software\bin;C:\Program Files\Android Game Development Extension\bin\;C:\Program Files\VisualSVN Server\bin;C:\Program Files\TortoiseSVN\bin;W:\Visual Studio\2019\Community\Common7\IDE;C:\Make\bin;C:\Users\Yasser\AppData\Local\Microsoft\WindowsApps;C:\Users\Yasser\AppData\Local\GitHubDesktop\bin;C:\Users\Yasser;C:\Users\Yasser\AppData\Local\atom\bin;W:\Microsoft VS Code\bin;C:\Program Files (x86)\Vim\vim82;C:\Users\Yasser\AppData\Local\Microsoft\WindowsApps;C:\Users\Yasser\AppData\Roaming\npm;C:\Users\Yasser\.wasmer\bin;C:\Users\Yasser\AppData\Local\Programs\Hyper\resources\bin
218 [6264] INFO perfrun.mrte <> - COR_ENABLE_PROFILING=1
218 [6264] INFO perfrun.mrte <> - COR_PROFILER={AA5E4821-E3B1-479c-B7FF-5AD047D22CED}
218 [6264] INFO perfrun.mrte <> - COMPLUS_ProfAPI_ProfilerCompatibilitySetting=EnableV2Profiler
218 [6264] INFO perfrun.mrte <> - CORECLR_ENABLE_PROFILING=1
218 [6264] INFO perfrun.mrte <> - CORECLR_PROFILER={AA5E4821-E3B1-479c-B7FF-5AD047D22CED}
218 [6264] INFO perfrun.mrte <> - CORECLR_PROFILER_PATH=C:\Program Files (x86)\Intel\oneAPI\vtune\latest\bin64/amplxe_samplingmrte_clrprof_1.0.dll
218 [6264] INFO perfrun.mrte <> - INTEL_MRTE_PROFILER_MODE=mixed
218 [6264] INFO perfrun.mrte <> - Data directory: W:\Workspace\Cuik\Cuik\r002ps\data.0
218 [6264] INFO perfrun.mrte <> - Mrte plugin is initialized
219 [6264] INFO perfrun.launcher <> - plugin [cuscol] was disabled because it doesn't support the given collection type.
219 [6264] INFO perfrun.launcher <> - plugin [stdsrc] was disabled because it doesn't support the given collection type.
219 [6264] INFO perfrun.launcher <> - plugin [sep] was disabled because it doesn't support the given collection type.
219 [6264] INFO perfrun.launcher <> - plugin [vtsspp] was disabled because it doesn't support the given collection type.
219 [6264] INFO perfrun.launcher <> - plugin [] was disabled because it doesn't support the given collection type.
219 [6264] INFO perfrun.launcher <> - plugin [aoclprofile] was disabled because it doesn't support the given collection type.
219 [6264] INFO perfrun.tpss <> - initialize tpss controller
219 [6264] INFO perfrun.launcher <> - plugin [tpss] was disabled because it doesn't support the given collection type.
219 [6264] INFO perfrun.launcher <> - plugin [exprof] was disabled because it doesn't support the given collection type.
219 [6264] INFO perfrun.launcher <> - plugin [] was disabled because it doesn't support the given collection type.
219 [6264] INFO perfrun.launcher <> - plugin [] was disabled because it doesn't support the given collection type.
219 [6264] INFO perfrun.launcher <> - plugin [] was disabled because it doesn't support the given collection type.
219 [6264] INFO perfrun.launcher <> - plugin [] was disabled because it doesn't support the given collection type.
219 [6264] INFO perfrun.launcher <> - plugin [power] was disabled because it doesn't support the given collection type.
219 [6264] INFO perfrun.launcher <> - plugin [hwloc] was disabled because it doesn't support the given collection type.
219 [6264] INFO perfrun.launcher <> - plugin [ipmwatch] was disabled because it doesn't support the given collection type.
219 [6264] INFO perfrun.launcher <> - plugin [os_counters] was disabled because it doesn't support the given collection type.
219 [6264] INFO perfrun.launcher <> - plugin [l0_metrics] was disabled because it doesn't support the given collection type.
219 [10904] INFO perfrun.launcher <> - set environment variable: INTEL_MRTE_DATA_DIR = W:\Workspace\Cuik\Cuik\r002ps\data.0
219 [10904] INFO perfrun.launcher <> - set environment variable: INTEL_MRTE_HOST_NAME = DESKTOP-7JBJLF5
219 [10904] INFO perfrun.launcher <> - set environment variable: JAVA_TOOL_OPTIONS = -agentlib:amplxe_samplingmrte_javaprof_1.0
219 [10904] INFO perfrun.launcher <> - set environment variable: PATH = C:\Program Files (x86)\Intel\oneAPI\vtune\latest\bin32\runtime;C:\Program Files (x86)\Intel\oneAPI\vtune\latest\bin64\runtime;C:\Program Files\Eclipse Foundation\jdk-8.0.302.8-hotspot\bin;C:\Program Files\Common Files\Oracle\Java\javapath;C:\Program Files (x86)\Common Files\Oracle\Java\javapath;G:\VulkanSDK\1.2.176.1\Bin;C:\Program Files\git\mingw64\bin;C:\Windows\system32;C:\Windows;C:\Windows\System32\Wbem;C:\Windows\System32\WindowsPowerShell\v1.0\;C:\Windows\System32\OpenSSH\;C:\Program Files (x86)\NVIDIA Corporation\PhysX\Common;C:\WINDOWS\system32;C:\WINDOWS;C:\WINDOWS\System32\Wbem;C:\WINDOWS\System32\WindowsPowerShell\v1.0\;C:\WINDOWS\System32\OpenSSH\;G:\Visual Studio\2019\Community\Common7\IDE;C:\Program Files\Intel\Embree3;C:\Program Files\Git\cmd;C:\Program Files\CMake\bin;C:\Program Files\Git\bin;C:\Program Files (x86)\Windows Kits\10\Lib\10.0.17763.0\um\x64;C:\ProgramData\chocolatey\bin;C:\Program Files\NVIDIA Corporation\NVIDIA NvDLISR;C:\Program Files\Git LFS;W:\emsdk;G:\Java\jdk-14.0.1\bin;W:\LLVM\bin;W:\Visual Studio\2019\Community\VC\Tools\MSVC\14.27.29110\bin\Hostx64\x64;C:\Program Files\mingw-w64\x86_64-8.1.0-win32-seh-rt_v6-rev0\mingw64\x86_64-w64-mingw32\bin\;C:\Program Files\AMD\AMDuProf\bin;C:\Users\Yasser\AppData\Local\Android\Sdk\tools;C:\Users\Yasser\AppData\Local\Android\Sdk\platform-tools;C:\WINDOWS\system32;C:\WINDOWS;C:\WINDOWS\System32\Wbem;C:\WINDOWS\System32\WindowsPowerShell\v1.0\;C:\WINDOWS\System32\OpenSSH\;W:\nodejs\;C:\Users\Yasser\.cargo\bin;W:\Visual Studio\2019\Community\MSBuild\Current\Bin;W:\Visual Studio\2019\Community\VC\Auxiliary\Build;C:\Program Files\KTX-Software\bin;C:\Program Files\Android Game Development Extension\bin\;C:\Program Files\VisualSVN Server\bin;C:\Program Files\TortoiseSVN\bin;W:\Visual Studio\2019\Community\Common7\IDE;C:\Make\bin;C:\Users\Yasser\AppData\Local\Microsoft\WindowsApps;C:\Users\Yasser\AppData\Local\GitHubDesktop\bin;C:\Users\Yasser;C:\Users\Yasser\AppData\Local\atom\bin;W:\Microsoft VS Code\bin;C:\Program Files (x86)\Vim\vim82;C:\Users\Yasser\AppData\Local\Microsoft\WindowsApps;C:\Users\Yasser\AppData\Roaming\npm;C:\Users\Yasser\.wasmer\bin;C:\Users\Yasser\AppData\Local\Programs\Hyper\resources\bin
220 [10904] INFO perfrun.launcher <> - set environment variable: COR_ENABLE_PROFILING = 1
220 [10904] INFO perfrun.launcher <> - set environment variable: COR_PROFILER = {AA5E4821-E3B1-479c-B7FF-5AD047D22CED}
220 [10904] INFO perfrun.launcher <> - set environment variable: COMPLUS_ProfAPI_ProfilerCompatibilitySetting = EnableV2Profiler
220 [10904] INFO perfrun.launcher <> - set environment variable: CORECLR_ENABLE_PROFILING = 1
220 [10904] INFO perfrun.launcher <> - set environment variable: CORECLR_PROFILER = {AA5E4821-E3B1-479c-B7FF-5AD047D22CED}
221 [10904] INFO perfrun.launcher <> - set environment variable: CORECLR_PROFILER_PATH = C:\Program Files (x86)\Intel\oneAPI\vtune\latest\bin64/amplxe_samplingmrte_clrprof_1.0.dll
221 [10904] INFO perfrun.launcher <> - set environment variable: INTEL_MRTE_PROFILER_MODE = mixed
221 [10904] INFO perfrun.launcher <> - RpcServer: run RPC server to handle requests
244 [10904] INFO perfrun.sdk <> - IProcessUtil: the given executable 'W:\Workspace\Cuik\build\cuik.exe' is valid.
244 [10904] INFO perfrun.launcher <> - Launcher: command line to start before modification = W:\Workspace\Cuik\build\cuik.exe
244 [10904] INFO perfrun.launcher <> - Launcher: command line to start after modification = W:\Workspace\Cuik\build\cuik.exe
244 [10904] INFO perfrun.launcher <> - ProcessCreator object was created
245 [10904] INFO perfrun.launcher <> - Launcher: the process was started in suspend mode
246 [6264] INFO perfrun.launcher <> - Messenger::say: Peak bandwidth measurement started.
4425 [6264] INFO perfrun.launcher <> - Messenger::say: Peak bandwidth measurement finished.
4426 [6264] INFO perfrun.sdk <> - runCmd: "C:\Program Files (x86)\Intel\oneAPI\vtune\latest\bin64\emon.exe" -M
4429 [6264] INFO perfrun.sdk <> - runCmd started PID 13500
4475 [6264] INFO perfrun.sdk <> - runCmd: "C:\Program Files (x86)\Intel\oneAPI\vtune\latest\bin64\emon.exe" -v
4477 [6264] INFO perfrun.sdk <> - runCmd started PID 6584
4533 [6264] INFO perfrun.sdk <> - runCmd: "C:\Program Files (x86)\Intel\oneAPI\vtune\latest\bin64\sep.exe" -dry-run -ec "CPU_CLK_UNHALTED.THREAD:sa=3700000,CPU_CLK_UNHALTED.REF_TSC:sample:sa=3700000,INST_RETIRED.ANY:sample:sa=3700000,CPU_CLK_UNHALTED.REF_XCLK:sa=100003,CPU_CLK_UNHALTED.ONE_THREAD_ACTIVE:sa=100003,UOPS_RETIRED.RETIRE_SLOTS:sample:sa=2000003,FP_ARITH_INST_RETIRED.SCALAR_SINGLE:sa=2000003,FP_ARITH_INST_RETIRED.128B_PACKED_SINGLE:sa=2000003,FP_ARITH_INST_RETIRED.256B_PACKED_SINGLE:sa=2000003,FP_ARITH_INST_RETIRED.SCALAR_DOUBLE:sa=2000003,FP_ARITH_INST_RETIRED.128B_PACKED_DOUBLE:sa=2000003,FP_ARITH_INST_RETIRED.256B_PACKED_DOUBLE:sa=2000003,UOPS_EXECUTED.X87:sa=2000003,UOPS_EXECUTED.THREAD:sa=2000003,CYCLE_ACTIVITY.STALLS_L1D_MISS:sa=2000003,CYCLE_ACTIVITY.STALLS_L2_MISS:sa=2000003,CYCLE_ACTIVITY.STALLS_L3_MISS:sa=2000003,CYCLE_ACTIVITY.STALLS_MEM_ANY:sa=2000003,CYCLE_ACTIVITY.STALLS_TOTAL:sa=2000003,EXE_ACTIVITY.1_PORTS_UTIL:sa=2000003,EXE_ACTIVITY.2_PORTS_UTIL:sa=2000003,EXE_ACTIVITY.BOUND_ON_STORES:sa=2000003,EXE_ACTIVITY.EXE_BOUND_0_PORTS:sa=2000003,IDQ_UOPS_NOT_DELIVERED.CORE:sa=2000003,INT_MISC.RECOVERY_CYCLES:sa=2000003,UOPS_ISSUED.ANY:sa=2000003,MEM_LOAD_RETIRED.L3_MISS_PS:sa=50003,L1D_PEND_MISS.FB_FULL:cmask=1:sa=2000003,L1D_PEND_MISS.PENDING:sa=2000003,MEM_LOAD_L3_HIT_RETIRED.XSNP_HITM_PS:sa=100003,MEM_LOAD_L3_HIT_RETIRED.XSNP_HIT_PS:sa=100003,MEM_LOAD_L3_HIT_RETIRED.XSNP_MISS_PS:sa=100003,MEM_LOAD_RETIRED.FB_HIT_PS:sa=2000003,MEM_LOAD_RETIRED.L1_MISS_PS:sa=2000003,MEM_LOAD_RETIRED.L2_HIT_PS:sa=2000003,MEM_LOAD_RETIRED.L3_HIT_PS:sa=200003,OFFCORE_REQUESTS_OUTSTANDING.ALL_DATA_RD:cmask=4:sa=2000003,OFFCORE_REQUESTS_OUTSTANDING.CYCLES_WITH_DATA_RD:sa=2000003,MEM_INST_RETIRED.ALL_LOADS_PS:sa=100003,MEM_INST_RETIRED.ALL_STORES_PS:sa=100003,UNC_IMC_DRAM_DATA_READS,UNC_IMC_DRAM_DATA_WRITES" -experimental
4536 [6264] INFO perfrun.sdk <> - runCmd started PID 3732
4609 [6264] INFO perfrun.sdk <> - runCmd: "C:\Program Files (x86)\Intel\oneAPI\vtune\latest\bin64\emon.exe" -u -t0.010 -l0 -A -C "CPU_CLK_UNHALTED.ONE_THREAD_ACTIVE,CPU_CLK_UNHALTED.REF_TSC,CPU_CLK_UNHALTED.REF_XCLK,CPU_CLK_UNHALTED.THREAD,CYCLE_ACTIVITY.STALLS_L1D_MISS,CYCLE_ACTIVITY.STALLS_L2_MISS,CYCLE_ACTIVITY.STALLS_L3_MISS,CYCLE_ACTIVITY.STALLS_MEM_ANY,CYCLE_ACTIVITY.STALLS_TOTAL,EXE_ACTIVITY.1_PORTS_UTIL,EXE_ACTIVITY.2_PORTS_UTIL,EXE_ACTIVITY.BOUND_ON_STORES,EXE_ACTIVITY.EXE_BOUND_0_PORTS,FP_ARITH_INST_RETIRED.128B_PACKED_DOUBLE,FP_ARITH_INST_RETIRED.128B_PACKED_SINGLE,FP_ARITH_INST_RETIRED.256B_PACKED_DOUBLE,FP_ARITH_INST_RETIRED.256B_PACKED_SINGLE,FP_ARITH_INST_RETIRED.SCALAR_DOUBLE,FP_ARITH_INST_RETIRED.SCALAR_SINGLE,IDQ_UOPS_NOT_DELIVERED.CORE,INST_RETIRED.ANY,INT_MISC.RECOVERY_CYCLES,L1D_PEND_MISS.FB_FULL:c1,L1D_PEND_MISS.PENDING,MEM_INST_RETIRED.ALL_LOADS,MEM_INST_RETIRED.ALL_STORES,MEM_LOAD_L3_HIT_RETIRED.XSNP_HIT,MEM_LOAD_L3_HIT_RETIRED.XSNP_HITM,MEM_LOAD_L3_HIT_RETIRED.XSNP_MISS,MEM_LOAD_RETIRED.FB_HIT,MEM_LOAD_RETIRED.L1_MISS,MEM_LOAD_RETIRED.L2_HIT,MEM_LOAD_RETIRED.L3_HIT,MEM_LOAD_RETIRED.L3_MISS,OFFCORE_REQUESTS_OUTSTANDING.ALL_DATA_RD:c4,OFFCORE_REQUESTS_OUTSTANDING.CYCLES_WITH_DATA_RD,UNC_IMC_DRAM_DATA_READS,UNC_IMC_DRAM_DATA_WRITES,UOPS_EXECUTED.THREAD,UOPS_EXECUTED.X87,UOPS_ISSUED.ANY,UOPS_RETIRED.RETIRE_SLOTS" -f "W:\Workspace\Cuik\Cuik\r002ps\data.0\emon.0.emon" -experimental
4611 [6264] INFO perfrun.sdk <> - runCmd started PID 14072
4611 [6264] INFO perfrun.emon <> - Waiting trace file creation: W:\Workspace\Cuik\Cuik\r002ps\data.0\emon.0.emon
4818 [6264] INFO perfrun.emon <> - trace file was found
4818 [10904] INFO perfrun.launcher <> - Launcher: all plugins were started
4818 [10904] INFO perfrun.launcher <> - DirectoryMonitor object was created
4818 [10904] INFO perfrun.launcher <> - DirectoryMonitor: a callback was added
4818 [10904] INFO perfrun.launcher <> - DirectoryMonitor was started with pingTime = 1000
4818 [10904] INFO perfrun.launcher <> - DeadlineTimer is going to be constructed
4818 [10904] INFO perfrun.launcher <> - DeadlineTimer: a callback was added
4823 [10904] INFO perfrun.launcher <> - Launcher: resume the profiled application and  wait its termination or stop command
11091 [10904] INFO perfrun.launcher <> - Launcher: the profiled application was terminated  with exit code = 0
11097 [6264] INFO perfrun.sdk <> - runCmd: "C:\Program Files (x86)\Intel\oneAPI\vtune\latest\bin64\emon.exe" -stop
11099 [6264] INFO perfrun.sdk <> - runCmd started PID 13756
11289 [6264] INFO perfrun.emon <> - EMON collector successfully stopped.

11289 [6264] INFO perfrun.sdk <> - De-allocating TMU: W:\Workspace\Cuik\Cuik\r002ps\data.0\systemcollector-13148-DESKTOP-7JBJLF5.sc
11312 [6264] INFO perfrun.system <> - closed the system trace file: W:\Workspace\Cuik\Cuik\r002ps\data.0\systemcollector-13148-DESKTOP-7JBJLF5.sc
11312 [10904] INFO perfrun.launcher <> - Launcher: all plugins were stopped.
11312 [10904] INFO perfrun.launcher <> - DeadlineTimer is going to be destroyed
11313 [10904] INFO perfrun.launcher <> - DeadlineTimer was destroyed
11313 [10904] INFO perfrun.launcher <> - DirectoryMonitor object was destroyed
11313 [10904] WARN perfrun.launcher <> - Stop command is ignored because it is received when collection is already stopped, at file: C:\BB\INNLphep2w6r\b\tmpn9bzcj\vcs\perfrun1\launcher\src\command_handler.cpp:212
11313 [10904] INFO perfrun.launcher <> - Application exit code: 0
11313 [10904] INFO perfrun.launcher <> - Exit code: 0
